<?xml version="1.0" encoding="UTF-8"?>
<!-- Generated by org.testng.reporters.JUnitReportReporter -->
<testsuite hostname="QQSPLEKLTP0176" failures="0" tests="1" name="SeleniumTest" time="2.763" errors="0" timestamp="2023-01-06T16:15:01 IST" skipped="0">
  <testcase classname="SeleniumTest" name="RegisteringToBookstoreApp" time="2.763"/>
  <system-out/>
</testsuite> <!-- SeleniumTest -->
