<?xml version="1.0" encoding="UTF-8"?>
<!-- Generated by org.testng.reporters.JUnitReportReporter -->
<testsuite hostname="QQSPLEKLTP0176" failures="0" tests="3" name="bookstoreAppSeleniumTask.multpleTests" time="0.019" errors="0" timestamp="2023-01-06T18:28:04 IST" skipped="0">
  <testcase classname="bookstoreAppSeleniumTask.multpleTests" name="testingMethod" time="0.001"/>
  <system-out/>
  <testcase classname="bookstoreAppSeleniumTask.multpleTests" name="tesgMethod" time="0.003"/>
  <system-out/>
  <testcase classname="bookstoreAppSeleniumTask.multpleTests" name="testingMet" time="0.015"/>
  <system-out/>
</testsuite> <!-- bookstoreAppSeleniumTask.multpleTests -->
