<?xml version="1.0" encoding="UTF-8"?>
<!-- Generated by org.testng.reporters.JUnitReportReporter -->
<testsuite hostname="QQSPLEKLTP0176" failures="0" tests="4" name="bookstoreAppSeleniumTask.SelemiumTask" time="15.097" errors="0" timestamp="2023-01-06T21:45:42 IST" skipped="0">
  <testcase classname="bookstoreAppSeleniumTask.SelemiumTask" name="varifyingTheTittle" time="2.079"/>
  <system-out/>
  <testcase classname="bookstoreAppSeleniumTask.SelemiumTask" name="varifyTheBookStoreLogoDisplayingOrNot" time="1.826"/>
  <system-out/>
  <testcase classname="bookstoreAppSeleniumTask.SelemiumTask" name="loginToTheBookStoreApp" time="3.947"/>
  <system-out/>
  <testcase classname="bookstoreAppSeleniumTask.SelemiumTask" name="addingBookToCart" time="7.245"/>
  <system-out/>
</testsuite> <!-- bookstoreAppSeleniumTask.SelemiumTask -->
